<?xml version="1.0" encoding="UTF-8"?>
<!-- Generated by org.testng.reporters.JUnitXMLReporter -->
<testsuite ignored="0" hostname="Bharath" failures="0" tests="5" name="Test" time="0.047" errors="0" timestamp="2022-12-05T22:11:18 IST">
  <testcase classname="framework.TestNgTestClass" name="testcase1" time="0.003"/>
  <testcase classname="framework.TestNgTestClass" name="testcase2" time="0.001"/>
  <testcase classname="framework.TestNgTestClass" name="testcase3" time="0.001"/>
  <testcase classname="framework.TestNgTestClass" name="testcase3" time="0.001"/>
  <testcase classname="framework.TestNgTestClass" name="testcase3" time="0.0"/>
</testsuite> <!-- Test -->
