<?xml version="1.0" encoding="UTF-8"?>
<testng-results retried="2" ignored="0" total="15" passed="12" failed="1" skipped="0">
  <reporter-output>
  </reporter-output>
  <suite started-at="2022-12-10T21:29:59 IST" name="Suite" finished-at="2022-12-10T21:30:00 IST" duration-ms="1113">
    <groups>
      <group name="regression">
        <method signature="TestNgTestClass.testcase3(java.lang.String,java.lang.String,java.lang.String)[pri:4, instance:framework.TestNgTestClass@54e1c68b]" name="testcase3" class="framework.TestNgTestClass"/>
      </group> <!-- regression -->
      <group name="smoke">
        <method signature="TestNgTestClass.testcase1()[pri:2, instance:framework.TestNgTestClass@54e1c68b]" name="testcase1" class="framework.TestNgTestClass"/>
      </group> <!-- smoke -->
      <group name="sanity">
        <method signature="TestNgTestClass.testcase1()[pri:2, instance:framework.TestNgTestClass@54e1c68b]" name="testcase1" class="framework.TestNgTestClass"/>
        <method signature="TestNgTestClass.testcase2()[pri:3, instance:framework.TestNgTestClass@54e1c68b]" name="testcase2" class="framework.TestNgTestClass"/>
        <method signature="TestNgTestClass.testcase4()[pri:1, instance:framework.TestNgTestClass@54e1c68b]" name="testcase4" class="framework.TestNgTestClass"/>
      </group> <!-- sanity -->
    </groups>
    <test started-at="2022-12-10T21:29:59 IST" name="Test" finished-at="2022-12-10T21:30:00 IST" duration-ms="1113">
      <class name="framework.TestNgTestClass">
        <test-method is-config="true" signature="startReporting()[pri:0, instance:framework.TestNgTestClass@54e1c68b]" started-at="2022-12-10T21:29:59 IST" name="startReporting" finished-at="2022-12-10T21:29:59 IST" duration-ms="7" status="PASS">
          <reporter-output>
          </reporter-output>
        </test-method> <!-- startReporting -->
        <test-method is-config="true" signature="launchBrowserAndApplication()[pri:0, instance:framework.TestNgTestClass@54e1c68b]" started-at="2022-12-10T21:29:59 IST" name="launchBrowserAndApplication" finished-at="2022-12-10T21:29:59 IST" duration-ms="2" status="PASS">
          <reporter-output>
          </reporter-output>
        </test-method> <!-- launchBrowserAndApplication -->
        <test-method retried="true" signature="testcase4()[pri:1, instance:framework.TestNgTestClass@54e1c68b]" started-at="2022-12-10T21:29:59 IST" name="testcase4" finished-at="2022-12-10T21:29:59 IST" duration-ms="5" status="SKIP">
          <exception class="java.lang.Exception">
            <message>
              <![CDATA[Failed]]>
            </message>
            <full-stacktrace>
              <![CDATA[java.lang.Exception: Failed
at framework.TestNgTestClass.testcase4(TestNgTestClass.java:58)
at java.base/jdk.internal.reflect.NativeMethodAccessorImpl.invoke0(Native Method)
at java.base/jdk.internal.reflect.NativeMethodAccessorImpl.invoke(NativeMethodAccessorImpl.java:77)
at java.base/jdk.internal.reflect.DelegatingMethodAccessorImpl.invoke(DelegatingMethodAccessorImpl.java:43)
at java.base/java.lang.reflect.Method.invoke(Method.java:568)
at org.testng.internal.MethodInvocationHelper.invokeMethod(MethodInvocationHelper.java:133)
at org.testng.internal.TestInvoker.invokeMethod(TestInvoker.java:598)
at org.testng.internal.TestInvoker.invokeTestMethod(TestInvoker.java:173)
at org.testng.internal.MethodRunner.runInSequence(MethodRunner.java:46)
at org.testng.internal.TestInvoker$MethodInvocationAgent.invoke(TestInvoker.java:824)
at org.testng.internal.TestInvoker.invokeTestMethods(TestInvoker.java:146)
at org.testng.internal.TestMethodWorker.invokeTestMethods(TestMethodWorker.java:146)
at org.testng.internal.TestMethodWorker.run(TestMethodWorker.java:128)
at java.base/java.util.ArrayList.forEach(ArrayList.java:1511)
at org.testng.TestRunner.privateRun(TestRunner.java:794)
at org.testng.TestRunner.run(TestRunner.java:596)
at org.testng.SuiteRunner.runTest(SuiteRunner.java:377)
at org.testng.SuiteRunner.runSequentially(SuiteRunner.java:371)
at org.testng.SuiteRunner.privateRun(SuiteRunner.java:332)
at org.testng.SuiteRunner.run(SuiteRunner.java:276)
at org.testng.SuiteRunnerWorker.runSuite(SuiteRunnerWorker.java:53)
at org.testng.SuiteRunnerWorker.run(SuiteRunnerWorker.java:96)
at org.testng.TestNG.runSuitesSequentially(TestNG.java:1212)
at org.testng.TestNG.runSuitesLocally(TestNG.java:1134)
at org.testng.TestNG.runSuites(TestNG.java:1063)
at org.testng.TestNG.run(TestNG.java:1031)
at org.testng.remote.AbstractRemoteTestNG.run(AbstractRemoteTestNG.java:115)
at org.testng.remote.RemoteTestNG.initAndRun(RemoteTestNG.java:251)
at org.testng.remote.RemoteTestNG.main(RemoteTestNG.java:77)
]]>
            </full-stacktrace>
          </exception> <!-- java.lang.Exception -->
          <reporter-output>
          </reporter-output>
        </test-method> <!-- testcase4 -->
        <test-method is-config="true" signature="closeBrowser()[pri:0, instance:framework.TestNgTestClass@54e1c68b]" started-at="2022-12-10T21:29:59 IST" name="closeBrowser" finished-at="2022-12-10T21:29:59 IST" duration-ms="0" status="PASS">
          <reporter-output>
          </reporter-output>
        </test-method> <!-- closeBrowser -->
        <test-method retried="true" signature="testcase4()[pri:1, instance:framework.TestNgTestClass@54e1c68b]" started-at="2022-12-10T21:29:59 IST" name="testcase4" finished-at="2022-12-10T21:29:59 IST" duration-ms="1" status="SKIP">
          <exception class="java.lang.Exception">
            <message>
              <![CDATA[Failed]]>
            </message>
            <full-stacktrace>
              <![CDATA[java.lang.Exception: Failed
at framework.TestNgTestClass.testcase4(TestNgTestClass.java:58)
at java.base/jdk.internal.reflect.NativeMethodAccessorImpl.invoke0(Native Method)
at java.base/jdk.internal.reflect.NativeMethodAccessorImpl.invoke(NativeMethodAccessorImpl.java:77)
at java.base/jdk.internal.reflect.DelegatingMethodAccessorImpl.invoke(DelegatingMethodAccessorImpl.java:43)
at java.base/java.lang.reflect.Method.invoke(Method.java:568)
at org.testng.internal.MethodInvocationHelper.invokeMethod(MethodInvocationHelper.java:133)
at org.testng.internal.TestInvoker.invokeMethod(TestInvoker.java:598)
at org.testng.internal.TestInvoker.retryFailed(TestInvoker.java:213)
at org.testng.internal.MethodRunner.runInSequence(MethodRunner.java:58)
at org.testng.internal.TestInvoker$MethodInvocationAgent.invoke(TestInvoker.java:824)
at org.testng.internal.TestInvoker.invokeTestMethods(TestInvoker.java:146)
at org.testng.internal.TestMethodWorker.invokeTestMethods(TestMethodWorker.java:146)
at org.testng.internal.TestMethodWorker.run(TestMethodWorker.java:128)
at java.base/java.util.ArrayList.forEach(ArrayList.java:1511)
at org.testng.TestRunner.privateRun(TestRunner.java:794)
at org.testng.TestRunner.run(TestRunner.java:596)
at org.testng.SuiteRunner.runTest(SuiteRunner.java:377)
at org.testng.SuiteRunner.runSequentially(SuiteRunner.java:371)
at org.testng.SuiteRunner.privateRun(SuiteRunner.java:332)
at org.testng.SuiteRunner.run(SuiteRunner.java:276)
at org.testng.SuiteRunnerWorker.runSuite(SuiteRunnerWorker.java:53)
at org.testng.SuiteRunnerWorker.run(SuiteRunnerWorker.java:96)
at org.testng.TestNG.runSuitesSequentially(TestNG.java:1212)
at org.testng.TestNG.runSuitesLocally(TestNG.java:1134)
at org.testng.TestNG.runSuites(TestNG.java:1063)
at org.testng.TestNG.run(TestNG.java:1031)
at org.testng.remote.AbstractRemoteTestNG.run(AbstractRemoteTestNG.java:115)
at org.testng.remote.RemoteTestNG.initAndRun(RemoteTestNG.java:251)
at org.testng.remote.RemoteTestNG.main(RemoteTestNG.java:77)
]]>
            </full-stacktrace>
          </exception> <!-- java.lang.Exception -->
          <reporter-output>
          </reporter-output>
        </test-method> <!-- testcase4 -->
        <test-method is-config="true" signature="launchBrowserAndApplication()[pri:0, instance:framework.TestNgTestClass@54e1c68b]" started-at="2022-12-10T21:29:59 IST" name="launchBrowserAndApplication" finished-at="2022-12-10T21:29:59 IST" duration-ms="0" status="PASS">
          <reporter-output>
          </reporter-output>
        </test-method> <!-- launchBrowserAndApplication -->
        <test-method is-config="true" signature="closeBrowser()[pri:0, instance:framework.TestNgTestClass@54e1c68b]" started-at="2022-12-10T21:29:59 IST" name="closeBrowser" finished-at="2022-12-10T21:29:59 IST" duration-ms="0" status="PASS">
          <reporter-output>
          </reporter-output>
        </test-method> <!-- closeBrowser -->
        <test-method is-config="true" signature="launchBrowserAndApplication()[pri:0, instance:framework.TestNgTestClass@54e1c68b]" started-at="2022-12-10T21:29:59 IST" name="launchBrowserAndApplication" finished-at="2022-12-10T21:29:59 IST" duration-ms="1" status="PASS">
          <reporter-output>
          </reporter-output>
        </test-method> <!-- launchBrowserAndApplication -->
        <test-method signature="testcase4()[pri:1, instance:framework.TestNgTestClass@54e1c68b]" started-at="2022-12-10T21:29:59 IST" name="testcase4" finished-at="2022-12-10T21:29:59 IST" duration-ms="1" status="FAIL">
          <exception class="java.lang.Exception">
            <message>
              <![CDATA[Failed]]>
            </message>
            <full-stacktrace>
              <![CDATA[java.lang.Exception: Failed
at framework.TestNgTestClass.testcase4(TestNgTestClass.java:58)
at java.base/jdk.internal.reflect.NativeMethodAccessorImpl.invoke0(Native Method)
at java.base/jdk.internal.reflect.NativeMethodAccessorImpl.invoke(NativeMethodAccessorImpl.java:77)
at java.base/jdk.internal.reflect.DelegatingMethodAccessorImpl.invoke(DelegatingMethodAccessorImpl.java:43)
at java.base/java.lang.reflect.Method.invoke(Method.java:568)
at org.testng.internal.MethodInvocationHelper.invokeMethod(MethodInvocationHelper.java:133)
at org.testng.internal.TestInvoker.invokeMethod(TestInvoker.java:598)
at org.testng.internal.TestInvoker.retryFailed(TestInvoker.java:213)
at org.testng.internal.MethodRunner.runInSequence(MethodRunner.java:58)
at org.testng.internal.TestInvoker$MethodInvocationAgent.invoke(TestInvoker.java:824)
at org.testng.internal.TestInvoker.invokeTestMethods(TestInvoker.java:146)
at org.testng.internal.TestMethodWorker.invokeTestMethods(TestMethodWorker.java:146)
at org.testng.internal.TestMethodWorker.run(TestMethodWorker.java:128)
at java.base/java.util.ArrayList.forEach(ArrayList.java:1511)
at org.testng.TestRunner.privateRun(TestRunner.java:794)
at org.testng.TestRunner.run(TestRunner.java:596)
at org.testng.SuiteRunner.runTest(SuiteRunner.java:377)
at org.testng.SuiteRunner.runSequentially(SuiteRunner.java:371)
at org.testng.SuiteRunner.privateRun(SuiteRunner.java:332)
at org.testng.SuiteRunner.run(SuiteRunner.java:276)
at org.testng.SuiteRunnerWorker.runSuite(SuiteRunnerWorker.java:53)
at org.testng.SuiteRunnerWorker.run(SuiteRunnerWorker.java:96)
at org.testng.TestNG.runSuitesSequentially(TestNG.java:1212)
at org.testng.TestNG.runSuitesLocally(TestNG.java:1134)
at org.testng.TestNG.runSuites(TestNG.java:1063)
at org.testng.TestNG.run(TestNG.java:1031)
at org.testng.remote.AbstractRemoteTestNG.run(AbstractRemoteTestNG.java:115)
at org.testng.remote.RemoteTestNG.initAndRun(RemoteTestNG.java:251)
at org.testng.remote.RemoteTestNG.main(RemoteTestNG.java:77)
]]>
            </full-stacktrace>
          </exception> <!-- java.lang.Exception -->
          <reporter-output>
          </reporter-output>
        </test-method> <!-- testcase4 -->
        <test-method is-config="true" signature="closeBrowser()[pri:0, instance:framework.TestNgTestClass@54e1c68b]" started-at="2022-12-10T21:29:59 IST" name="closeBrowser" finished-at="2022-12-10T21:29:59 IST" duration-ms="0" status="PASS">
          <reporter-output>
          </reporter-output>
        </test-method> <!-- closeBrowser -->
        <test-method is-config="true" signature="launchBrowserAndApplication()[pri:0, instance:framework.TestNgTestClass@54e1c68b]" started-at="2022-12-10T21:29:59 IST" name="launchBrowserAndApplication" finished-at="2022-12-10T21:29:59 IST" duration-ms="2" status="PASS">
          <reporter-output>
          </reporter-output>
        </test-method> <!-- launchBrowserAndApplication -->
        <test-method signature="testcase1()[pri:2, instance:framework.TestNgTestClass@54e1c68b]" started-at="2022-12-10T21:29:59 IST" name="testcase1" finished-at="2022-12-10T21:29:59 IST" duration-ms="4" status="PASS">
          <reporter-output>
          </reporter-output>
        </test-method> <!-- testcase1 -->
        <test-method is-config="true" signature="closeBrowser()[pri:0, instance:framework.TestNgTestClass@54e1c68b]" started-at="2022-12-10T21:29:59 IST" name="closeBrowser" finished-at="2022-12-10T21:29:59 IST" duration-ms="0" status="PASS">
          <reporter-output>
          </reporter-output>
        </test-method> <!-- closeBrowser -->
        <test-method signature="testcase2()[pri:3, instance:framework.TestNgTestClass@54e1c68b]" started-at="2022-12-10T21:29:59 IST" name="testcase2" finished-at="2022-12-10T21:29:59 IST" depends-on-methods="framework.TestNgTestClass.testcase1" duration-ms="1" status="PASS">
          <reporter-output>
          </reporter-output>
        </test-method> <!-- testcase2 -->
        <test-method is-config="true" signature="launchBrowserAndApplication()[pri:0, instance:framework.TestNgTestClass@54e1c68b]" started-at="2022-12-10T21:29:59 IST" name="launchBrowserAndApplication" finished-at="2022-12-10T21:29:59 IST" duration-ms="0" status="PASS">
          <reporter-output>
          </reporter-output>
        </test-method> <!-- launchBrowserAndApplication -->
        <test-method is-config="true" signature="closeBrowser()[pri:0, instance:framework.TestNgTestClass@54e1c68b]" started-at="2022-12-10T21:29:59 IST" name="closeBrowser" finished-at="2022-12-10T21:29:59 IST" duration-ms="0" status="PASS">
          <reporter-output>
          </reporter-output>
        </test-method> <!-- closeBrowser -->
        <test-method is-config="true" signature="launchBrowserAndApplication()[pri:0, instance:framework.TestNgTestClass@54e1c68b]" started-at="2022-12-10T21:30:00 IST" name="launchBrowserAndApplication" finished-at="2022-12-10T21:30:00 IST" duration-ms="0" status="PASS">
          <reporter-output>
          </reporter-output>
        </test-method> <!-- launchBrowserAndApplication -->
        <test-method signature="testcase3(java.lang.String,java.lang.String,java.lang.String)[pri:4, instance:framework.TestNgTestClass@54e1c68b]" started-at="2022-12-10T21:30:00 IST" name="testcase3" data-provider="testcase3data" finished-at="2022-12-10T21:30:00 IST" duration-ms="1" status="PASS">
          <params>
            <param index="0">
              <value>
                <![CDATA[abc]]>
              </value>
            </param>
            <param index="1">
              <value>
                <![CDATA[abc123]]>
              </value>
            </param>
            <param index="2">
              <value>
                <![CDATA[QA]]>
              </value>
            </param>
          </params>
          <reporter-output>
          </reporter-output>
        </test-method> <!-- testcase3 -->
        <test-method is-config="true" signature="closeBrowser()[pri:0, instance:framework.TestNgTestClass@54e1c68b]" started-at="2022-12-10T21:30:00 IST" name="closeBrowser" finished-at="2022-12-10T21:30:00 IST" duration-ms="0" status="PASS">
          <reporter-output>
          </reporter-output>
        </test-method> <!-- closeBrowser -->
        <test-method signature="testcase3(java.lang.String,java.lang.String,java.lang.String)[pri:4, instance:framework.TestNgTestClass@54e1c68b]" started-at="2022-12-10T21:30:00 IST" name="testcase3" data-provider="testcase3data" finished-at="2022-12-10T21:30:00 IST" duration-ms="1" status="PASS">
          <params>
            <param index="0">
              <value>
                <![CDATA[xyz]]>
              </value>
            </param>
            <param index="1">
              <value>
                <![CDATA[xyz123]]>
              </value>
            </param>
            <param index="2">
              <value>
                <![CDATA[DEV]]>
              </value>
            </param>
          </params>
          <reporter-output>
          </reporter-output>
        </test-method> <!-- testcase3 -->
        <test-method is-config="true" signature="launchBrowserAndApplication()[pri:0, instance:framework.TestNgTestClass@54e1c68b]" started-at="2022-12-10T21:30:00 IST" name="launchBrowserAndApplication" finished-at="2022-12-10T21:30:00 IST" duration-ms="0" status="PASS">
          <reporter-output>
          </reporter-output>
        </test-method> <!-- launchBrowserAndApplication -->
        <test-method is-config="true" signature="closeBrowser()[pri:0, instance:framework.TestNgTestClass@54e1c68b]" started-at="2022-12-10T21:30:00 IST" name="closeBrowser" finished-at="2022-12-10T21:30:00 IST" duration-ms="1" status="PASS">
          <reporter-output>
          </reporter-output>
        </test-method> <!-- closeBrowser -->
        <test-method is-config="true" signature="launchBrowserAndApplication()[pri:0, instance:framework.TestNgTestClass@54e1c68b]" started-at="2022-12-10T21:30:00 IST" name="launchBrowserAndApplication" finished-at="2022-12-10T21:30:00 IST" duration-ms="3" status="PASS">
          <reporter-output>
          </reporter-output>
        </test-method> <!-- launchBrowserAndApplication -->
        <test-method signature="testcase3(java.lang.String,java.lang.String,java.lang.String)[pri:4, instance:framework.TestNgTestClass@54e1c68b]" started-at="2022-12-10T21:30:00 IST" name="testcase3" data-provider="testcase3data" finished-at="2022-12-10T21:30:00 IST" duration-ms="2" status="PASS">
          <params>
            <param index="0">
              <value>
                <![CDATA[cdf]]>
              </value>
            </param>
            <param index="1">
              <value>
                <![CDATA[cdf213]]>
              </value>
            </param>
            <param index="2">
              <value>
                <![CDATA[MANAGER]]>
              </value>
            </param>
          </params>
          <reporter-output>
          </reporter-output>
        </test-method> <!-- testcase3 -->
        <test-method is-config="true" signature="closeBrowser()[pri:0, instance:framework.TestNgTestClass@54e1c68b]" started-at="2022-12-10T21:30:00 IST" name="closeBrowser" finished-at="2022-12-10T21:30:00 IST" duration-ms="0" status="PASS">
          <reporter-output>
          </reporter-output>
        </test-method> <!-- closeBrowser -->
        <test-method is-config="true" signature="launchBrowserAndApplication()[pri:0, instance:framework.TestNgTestClass@54e1c68b]" started-at="2022-12-10T21:30:00 IST" name="launchBrowserAndApplication" finished-at="2022-12-10T21:30:00 IST" duration-ms="1" status="PASS">
          <reporter-output>
          </reporter-output>
        </test-method> <!-- launchBrowserAndApplication -->
        <test-method signature="testcase3(java.lang.String,java.lang.String,java.lang.String)[pri:4, instance:framework.TestNgTestClass@54e1c68b]" started-at="2022-12-10T21:30:00 IST" name="testcase3" data-provider="testcase3data" finished-at="2022-12-10T21:30:00 IST" duration-ms="1" status="PASS">
          <params>
            <param index="0">
              <value>
                <![CDATA[user4]]>
              </value>
            </param>
            <param index="1">
              <value>
                <![CDATA[pass4]]>
              </value>
            </param>
            <param index="2">
              <value>
                <![CDATA[ROLE4]]>
              </value>
            </param>
          </params>
          <reporter-output>
          </reporter-output>
        </test-method> <!-- testcase3 -->
        <test-method is-config="true" signature="closeBrowser()[pri:0, instance:framework.TestNgTestClass@54e1c68b]" started-at="2022-12-10T21:30:00 IST" name="closeBrowser" finished-at="2022-12-10T21:30:00 IST" duration-ms="0" status="PASS">
          <reporter-output>
          </reporter-output>
        </test-method> <!-- closeBrowser -->
        <test-method is-config="true" signature="launchBrowserAndApplication()[pri:0, instance:framework.TestNgTestClass@54e1c68b]" started-at="2022-12-10T21:30:00 IST" name="launchBrowserAndApplication" finished-at="2022-12-10T21:30:00 IST" duration-ms="0" status="PASS">
          <reporter-output>
          </reporter-output>
        </test-method> <!-- launchBrowserAndApplication -->
        <test-method signature="testcase3(java.lang.String,java.lang.String,java.lang.String)[pri:4, instance:framework.TestNgTestClass@54e1c68b]" started-at="2022-12-10T21:30:00 IST" name="testcase3" data-provider="testcase3data" finished-at="2022-12-10T21:30:00 IST" duration-ms="0" status="PASS">
          <params>
            <param index="0">
              <value>
                <![CDATA[user5]]>
              </value>
            </param>
            <param index="1">
              <value>
                <![CDATA[pass5]]>
              </value>
            </param>
            <param index="2">
              <value>
                <![CDATA[ROLE5]]>
              </value>
            </param>
          </params>
          <reporter-output>
          </reporter-output>
        </test-method> <!-- testcase3 -->
        <test-method is-config="true" signature="closeBrowser()[pri:0, instance:framework.TestNgTestClass@54e1c68b]" started-at="2022-12-10T21:30:00 IST" name="closeBrowser" finished-at="2022-12-10T21:30:00 IST" duration-ms="0" status="PASS">
          <reporter-output>
          </reporter-output>
        </test-method> <!-- closeBrowser -->
        <test-method is-config="true" signature="launchBrowserAndApplication()[pri:0, instance:framework.TestNgTestClass@54e1c68b]" started-at="2022-12-10T21:30:00 IST" name="launchBrowserAndApplication" finished-at="2022-12-10T21:30:00 IST" duration-ms="1" status="PASS">
          <reporter-output>
          </reporter-output>
        </test-method> <!-- launchBrowserAndApplication -->
        <test-method signature="testcase3(java.lang.String,java.lang.String,java.lang.String)[pri:4, instance:framework.TestNgTestClass@54e1c68b]" started-at="2022-12-10T21:30:00 IST" name="testcase3" data-provider="testcase3data" finished-at="2022-12-10T21:30:00 IST" duration-ms="1" status="PASS">
          <params>
            <param index="0">
              <value>
                <![CDATA[user6]]>
              </value>
            </param>
            <param index="1">
              <value>
                <![CDATA[pass6]]>
              </value>
            </param>
            <param index="2">
              <value>
                <![CDATA[ROLE6]]>
              </value>
            </param>
          </params>
          <reporter-output>
          </reporter-output>
        </test-method> <!-- testcase3 -->
        <test-method is-config="true" signature="closeBrowser()[pri:0, instance:framework.TestNgTestClass@54e1c68b]" started-at="2022-12-10T21:30:00 IST" name="closeBrowser" finished-at="2022-12-10T21:30:00 IST" duration-ms="0" status="PASS">
          <reporter-output>
          </reporter-output>
        </test-method> <!-- closeBrowser -->
        <test-method signature="testcase3(java.lang.String,java.lang.String,java.lang.String)[pri:4, instance:framework.TestNgTestClass@54e1c68b]" started-at="2022-12-10T21:30:00 IST" name="testcase3" data-provider="testcase3data" finished-at="2022-12-10T21:30:00 IST" duration-ms="1" status="PASS">
          <params>
            <param index="0">
              <value>
                <![CDATA[user7]]>
              </value>
            </param>
            <param index="1">
              <value>
                <![CDATA[pass7]]>
              </value>
            </param>
            <param index="2">
              <value>
                <![CDATA[ROLE7]]>
              </value>
            </param>
          </params>
          <reporter-output>
          </reporter-output>
        </test-method> <!-- testcase3 -->
        <test-method is-config="true" signature="launchBrowserAndApplication()[pri:0, instance:framework.TestNgTestClass@54e1c68b]" started-at="2022-12-10T21:30:00 IST" name="launchBrowserAndApplication" finished-at="2022-12-10T21:30:00 IST" duration-ms="0" status="PASS">
          <reporter-output>
          </reporter-output>
        </test-method> <!-- launchBrowserAndApplication -->
        <test-method is-config="true" signature="closeBrowser()[pri:0, instance:framework.TestNgTestClass@54e1c68b]" started-at="2022-12-10T21:30:00 IST" name="closeBrowser" finished-at="2022-12-10T21:30:00 IST" duration-ms="0" status="PASS">
          <reporter-output>
          </reporter-output>
        </test-method> <!-- closeBrowser -->
        <test-method is-config="true" signature="launchBrowserAndApplication()[pri:0, instance:framework.TestNgTestClass@54e1c68b]" started-at="2022-12-10T21:30:00 IST" name="launchBrowserAndApplication" finished-at="2022-12-10T21:30:00 IST" duration-ms="1" status="PASS">
          <reporter-output>
          </reporter-output>
        </test-method> <!-- launchBrowserAndApplication -->
        <test-method signature="testcase3(java.lang.String,java.lang.String,java.lang.String)[pri:4, instance:framework.TestNgTestClass@54e1c68b]" started-at="2022-12-10T21:30:00 IST" name="testcase3" data-provider="testcase3data" finished-at="2022-12-10T21:30:00 IST" duration-ms="1" status="PASS">
          <params>
            <param index="0">
              <value>
                <![CDATA[user8]]>
              </value>
            </param>
            <param index="1">
              <value>
                <![CDATA[pass8]]>
              </value>
            </param>
            <param index="2">
              <value>
                <![CDATA[ROLE8]]>
              </value>
            </param>
          </params>
          <reporter-output>
          </reporter-output>
        </test-method> <!-- testcase3 -->
        <test-method is-config="true" signature="closeBrowser()[pri:0, instance:framework.TestNgTestClass@54e1c68b]" started-at="2022-12-10T21:30:00 IST" name="closeBrowser" finished-at="2022-12-10T21:30:00 IST" duration-ms="0" status="PASS">
          <reporter-output>
          </reporter-output>
        </test-method> <!-- closeBrowser -->
        <test-method is-config="true" signature="launchBrowserAndApplication()[pri:0, instance:framework.TestNgTestClass@54e1c68b]" started-at="2022-12-10T21:30:00 IST" name="launchBrowserAndApplication" finished-at="2022-12-10T21:30:00 IST" duration-ms="1" status="PASS">
          <reporter-output>
          </reporter-output>
        </test-method> <!-- launchBrowserAndApplication -->
        <test-method signature="testcase3(java.lang.String,java.lang.String,java.lang.String)[pri:4, instance:framework.TestNgTestClass@54e1c68b]" started-at="2022-12-10T21:30:00 IST" name="testcase3" data-provider="testcase3data" finished-at="2022-12-10T21:30:00 IST" duration-ms="1" status="PASS">
          <params>
            <param index="0">
              <value>
                <![CDATA[user9]]>
              </value>
            </param>
            <param index="1">
              <value>
                <![CDATA[pass9]]>
              </value>
            </param>
            <param index="2">
              <value>
                <![CDATA[ROLE9]]>
              </value>
            </param>
          </params>
          <reporter-output>
          </reporter-output>
        </test-method> <!-- testcase3 -->
        <test-method is-config="true" signature="closeBrowser()[pri:0, instance:framework.TestNgTestClass@54e1c68b]" started-at="2022-12-10T21:30:00 IST" name="closeBrowser" finished-at="2022-12-10T21:30:00 IST" duration-ms="1" status="PASS">
          <reporter-output>
          </reporter-output>
        </test-method> <!-- closeBrowser -->
        <test-method is-config="true" signature="launchBrowserAndApplication()[pri:0, instance:framework.TestNgTestClass@54e1c68b]" started-at="2022-12-10T21:30:00 IST" name="launchBrowserAndApplication" finished-at="2022-12-10T21:30:00 IST" duration-ms="3" status="PASS">
          <reporter-output>
          </reporter-output>
        </test-method> <!-- launchBrowserAndApplication -->
        <test-method signature="testcase3(java.lang.String,java.lang.String,java.lang.String)[pri:4, instance:framework.TestNgTestClass@54e1c68b]" started-at="2022-12-10T21:30:00 IST" name="testcase3" data-provider="testcase3data" finished-at="2022-12-10T21:30:00 IST" duration-ms="2" status="PASS">
          <params>
            <param index="0">
              <value>
                <![CDATA[user10]]>
              </value>
            </param>
            <param index="1">
              <value>
                <![CDATA[pass10]]>
              </value>
            </param>
            <param index="2">
              <value>
                <![CDATA[ROLE10]]>
              </value>
            </param>
          </params>
          <reporter-output>
          </reporter-output>
        </test-method> <!-- testcase3 -->
        <test-method is-config="true" signature="closeBrowser()[pri:0, instance:framework.TestNgTestClass@54e1c68b]" started-at="2022-12-10T21:30:00 IST" name="closeBrowser" finished-at="2022-12-10T21:30:00 IST" duration-ms="1" status="PASS">
          <reporter-output>
          </reporter-output>
        </test-method> <!-- closeBrowser -->
        <test-method is-config="true" signature="stopReporting()[pri:0, instance:framework.TestNgTestClass@54e1c68b]" started-at="2022-12-10T21:30:00 IST" name="stopReporting" finished-at="2022-12-10T21:30:00 IST" duration-ms="0" status="PASS">
          <reporter-output>
          </reporter-output>
        </test-method> <!-- stopReporting -->
      </class> <!-- framework.TestNgTestClass -->
    </test> <!-- Test -->
  </suite> <!-- Suite -->
</testng-results>
