<?xml version="1.0" encoding="UTF-8"?>
<testng-results ignored="0" total="5" passed="5" failed="0" skipped="0">
  <reporter-output>
  </reporter-output>
  <suite started-at="2022-12-05T22:11:18 IST" name="Suite" finished-at="2022-12-05T22:11:18 IST" duration-ms="47">
    <groups>
    </groups>
    <test started-at="2022-12-05T22:11:18 IST" name="Test" finished-at="2022-12-05T22:11:18 IST" duration-ms="47">
      <class name="framework.TestNgTestClass">
        <test-method is-config="true" signature="startReporting()[pri:0, instance:framework.TestNgTestClass@1b11171f]" started-at="2022-12-05T22:11:18 IST" name="startReporting" finished-at="2022-12-05T22:11:18 IST" duration-ms="6" status="PASS">
          <reporter-output>
          </reporter-output>
        </test-method> <!-- startReporting -->
        <test-method is-config="true" signature="launchBrowserAndApplication(java.lang.String,java.lang.String)[pri:0, instance:framework.TestNgTestClass@1b11171f]" started-at="2022-12-05T22:11:18 IST" name="launchBrowserAndApplication" finished-at="2022-12-05T22:11:18 IST" duration-ms="1" status="PASS">
          <params>
            <param index="0">
              <value>
                <![CDATA[chrome]]>
              </value>
            </param>
            <param index="1">
              <value>
                <![CDATA[www.test.com]]>
              </value>
            </param>
          </params>
          <reporter-output>
          </reporter-output>
        </test-method> <!-- launchBrowserAndApplication -->
        <test-method signature="testcase1()[pri:0, instance:framework.TestNgTestClass@1b11171f]" started-at="2022-12-05T22:11:18 IST" name="testcase1" finished-at="2022-12-05T22:11:18 IST" duration-ms="3" status="PASS">
          <reporter-output>
          </reporter-output>
        </test-method> <!-- testcase1 -->
        <test-method is-config="true" signature="closeBrowser()[pri:0, instance:framework.TestNgTestClass@1b11171f]" started-at="2022-12-05T22:11:18 IST" name="closeBrowser" finished-at="2022-12-05T22:11:18 IST" duration-ms="1" status="PASS">
          <reporter-output>
          </reporter-output>
        </test-method> <!-- closeBrowser -->
        <test-method is-config="true" signature="launchBrowserAndApplication(java.lang.String,java.lang.String)[pri:0, instance:framework.TestNgTestClass@1b11171f]" started-at="2022-12-05T22:11:18 IST" name="launchBrowserAndApplication" finished-at="2022-12-05T22:11:18 IST" duration-ms="0" status="PASS">
          <params>
            <param index="0">
              <value>
                <![CDATA[chrome]]>
              </value>
            </param>
            <param index="1">
              <value>
                <![CDATA[www.test.com]]>
              </value>
            </param>
          </params>
          <reporter-output>
          </reporter-output>
        </test-method> <!-- launchBrowserAndApplication -->
        <test-method signature="testcase2()[pri:0, instance:framework.TestNgTestClass@1b11171f]" started-at="2022-12-05T22:11:18 IST" name="testcase2" finished-at="2022-12-05T22:11:18 IST" duration-ms="1" status="PASS">
          <reporter-output>
          </reporter-output>
        </test-method> <!-- testcase2 -->
        <test-method is-config="true" signature="closeBrowser()[pri:0, instance:framework.TestNgTestClass@1b11171f]" started-at="2022-12-05T22:11:18 IST" name="closeBrowser" finished-at="2022-12-05T22:11:18 IST" duration-ms="1" status="PASS">
          <reporter-output>
          </reporter-output>
        </test-method> <!-- closeBrowser -->
        <test-method is-config="true" signature="launchBrowserAndApplication(java.lang.String,java.lang.String)[pri:0, instance:framework.TestNgTestClass@1b11171f]" started-at="2022-12-05T22:11:18 IST" name="launchBrowserAndApplication" finished-at="2022-12-05T22:11:18 IST" duration-ms="0" status="PASS">
          <params>
            <param index="0">
              <value>
                <![CDATA[chrome]]>
              </value>
            </param>
            <param index="1">
              <value>
                <![CDATA[www.test.com]]>
              </value>
            </param>
          </params>
          <reporter-output>
          </reporter-output>
        </test-method> <!-- launchBrowserAndApplication -->
        <test-method signature="testcase3(java.lang.String,java.lang.String,java.lang.String)[pri:0, instance:framework.TestNgTestClass@1b11171f]" started-at="2022-12-05T22:11:18 IST" name="testcase3" data-provider="testcase3data" finished-at="2022-12-05T22:11:18 IST" duration-ms="1" status="PASS">
          <params>
            <param index="0">
              <value>
                <![CDATA[abc]]>
              </value>
            </param>
            <param index="1">
              <value>
                <![CDATA[abc123]]>
              </value>
            </param>
            <param index="2">
              <value>
                <![CDATA[QA]]>
              </value>
            </param>
          </params>
          <reporter-output>
          </reporter-output>
        </test-method> <!-- testcase3 -->
        <test-method is-config="true" signature="launchBrowserAndApplication(java.lang.String,java.lang.String)[pri:0, instance:framework.TestNgTestClass@1b11171f]" started-at="2022-12-05T22:11:18 IST" name="launchBrowserAndApplication" finished-at="2022-12-05T22:11:18 IST" duration-ms="0" status="PASS">
          <params>
            <param index="0">
              <value>
                <![CDATA[chrome]]>
              </value>
            </param>
            <param index="1">
              <value>
                <![CDATA[www.test.com]]>
              </value>
            </param>
          </params>
          <reporter-output>
          </reporter-output>
        </test-method> <!-- launchBrowserAndApplication -->
        <test-method is-config="true" signature="closeBrowser()[pri:0, instance:framework.TestNgTestClass@1b11171f]" started-at="2022-12-05T22:11:18 IST" name="closeBrowser" finished-at="2022-12-05T22:11:18 IST" duration-ms="0" status="PASS">
          <reporter-output>
          </reporter-output>
        </test-method> <!-- closeBrowser -->
        <test-method signature="testcase3(java.lang.String,java.lang.String,java.lang.String)[pri:0, instance:framework.TestNgTestClass@1b11171f]" started-at="2022-12-05T22:11:18 IST" name="testcase3" data-provider="testcase3data" finished-at="2022-12-05T22:11:18 IST" duration-ms="1" status="PASS">
          <params>
            <param index="0">
              <value>
                <![CDATA[xyz]]>
              </value>
            </param>
            <param index="1">
              <value>
                <![CDATA[xyz123]]>
              </value>
            </param>
            <param index="2">
              <value>
                <![CDATA[DEV]]>
              </value>
            </param>
          </params>
          <reporter-output>
          </reporter-output>
        </test-method> <!-- testcase3 -->
        <test-method is-config="true" signature="launchBrowserAndApplication(java.lang.String,java.lang.String)[pri:0, instance:framework.TestNgTestClass@1b11171f]" started-at="2022-12-05T22:11:18 IST" name="launchBrowserAndApplication" finished-at="2022-12-05T22:11:18 IST" duration-ms="1" status="PASS">
          <params>
            <param index="0">
              <value>
                <![CDATA[chrome]]>
              </value>
            </param>
            <param index="1">
              <value>
                <![CDATA[www.test.com]]>
              </value>
            </param>
          </params>
          <reporter-output>
          </reporter-output>
        </test-method> <!-- launchBrowserAndApplication -->
        <test-method is-config="true" signature="closeBrowser()[pri:0, instance:framework.TestNgTestClass@1b11171f]" started-at="2022-12-05T22:11:18 IST" name="closeBrowser" finished-at="2022-12-05T22:11:18 IST" duration-ms="0" status="PASS">
          <reporter-output>
          </reporter-output>
        </test-method> <!-- closeBrowser -->
        <test-method signature="testcase3(java.lang.String,java.lang.String,java.lang.String)[pri:0, instance:framework.TestNgTestClass@1b11171f]" started-at="2022-12-05T22:11:18 IST" name="testcase3" data-provider="testcase3data" finished-at="2022-12-05T22:11:18 IST" duration-ms="0" status="PASS">
          <params>
            <param index="0">
              <value>
                <![CDATA[cdf]]>
              </value>
            </param>
            <param index="1">
              <value>
                <![CDATA[cdf123]]>
              </value>
            </param>
            <param index="2">
              <value>
                <![CDATA[DEV]]>
              </value>
            </param>
          </params>
          <reporter-output>
          </reporter-output>
        </test-method> <!-- testcase3 -->
        <test-method is-config="true" signature="closeBrowser()[pri:0, instance:framework.TestNgTestClass@1b11171f]" started-at="2022-12-05T22:11:18 IST" name="closeBrowser" finished-at="2022-12-05T22:11:18 IST" duration-ms="0" status="PASS">
          <reporter-output>
          </reporter-output>
        </test-method> <!-- closeBrowser -->
        <test-method is-config="true" signature="stopReporting()[pri:0, instance:framework.TestNgTestClass@1b11171f]" started-at="2022-12-05T22:11:18 IST" name="stopReporting" finished-at="2022-12-05T22:11:18 IST" duration-ms="0" status="PASS">
          <reporter-output>
          </reporter-output>
        </test-method> <!-- stopReporting -->
      </class> <!-- framework.TestNgTestClass -->
    </test> <!-- Test -->
  </suite> <!-- Suite -->
</testng-results>
